<?xml version="1.0" encoding="utf-8"?><testsuites><testsuite name="pytest" errors="0" failures="0" skipped="0" tests="48" time="5.831" timestamp="2025-09-07T16:14:18.050264" hostname="mac.lan"><testcase classname="tests.test_common" name="test_get_page_from_url[http://example.com/search?page=5-5]" time="0.001" /><testcase classname="tests.test_common" name="test_get_page_from_url[http://example.com/search?name=test&amp;page=2-2]" time="0.000" /><testcase classname="tests.test_common" name="test_get_page_from_url[http://example.com/search?page=invalid-1]" time="0.000" /><testcase classname="tests.test_handler" name="test_load_config_file_not_found" time="0.000" /><testcase classname="tests.test_handler" name="test_run_crawler_happy_path" time="0.003" /><testcase classname="tests.test_handler" name="test_create_audit_log_entry" time="0.001" /><testcase classname="tests.test_handler" name="test_create_audit_log_entry_db_exception" time="0.001" /><testcase classname="tests.test_handler" name="test_update_audit_log_entry" time="0.002" /><testcase classname="tests.test_handler" name="test_update_audit_log_entry_no_audit_id" time="0.001" /><testcase classname="tests.test_handler" name="test_update_audit_log_entry_db_exception" time="0.001" /><testcase classname="tests.test_handler" name="test_get_parent_url_details" time="0.001" /><testcase classname="tests.test_handler" name="test_get_parent_url_details_not_found" time="0.001" /><testcase classname="tests.test_handler" name="test_get_parent_url_details_db_exception" time="0.001" /><testcase classname="tests.test_handler" name="test_save_content_to_s3" time="0.147" /><testcase classname="tests.test_handler" name="test_save_content_to_s3_exception" time="0.001" /><testcase classname="tests.test_handler" name="test_save_record_and_get_id_new_record" time="0.002" /><testcase classname="tests.test_handler" name="test_save_record_and_get_id_existing_record" time="0.001" /><testcase classname="tests.test_handler" name="test_save_record_and_get_id_no_book_name" time="0.001" /><testcase classname="tests.test_handler" name="test_save_record_and_get_id_db_exception" time="0.001" /><testcase classname="tests.test_handler" name="test_process_step_click" time="1.512" /><testcase classname="tests.test_handler" name="test_process_step_pause" time="0.002" /><testcase classname="tests.test_handler" name="test_process_step_delegation" time="0.005" /><testcase classname="tests.test_handler" name="test_scrape_page_details_and_save_success" time="3.004" /><testcase classname="tests.test_handler" name="test_scrape_page_details_and_save_no_rows" time="0.002" /><testcase classname="tests.utils.test_aws_utils" name="test_get_db_connection_url_success" time="0.001" /><testcase classname="tests.utils.test_aws_utils" name="test_get_db_connection_url_missing_vars" time="0.001" /><testcase classname="tests.utils.test_aws_utils" name="test_create_db_engine_success" time="0.002" /><testcase classname="tests.utils.test_aws_utils" name="test_create_db_engine_failure" time="0.001" /><testcase classname="tests.utils.test_aws_utils" name="test_create_db_engine_no_url" time="0.001" /><testcase classname="tests.utils.test_aws_utils" name="test_upload_data_to_s3_success" time="0.061" /><testcase classname="tests.utils.test_aws_utils" name="test_upload_data_to_s3_bytes_content" time="0.042" /><testcase classname="tests.utils.test_aws_utils" name="test_upload_data_to_s3_invalid_content_type" time="0.000" /><testcase classname="tests.utils.test_aws_utils" name="test_upload_data_to_s3_client_error" time="0.043" /><testcase classname="tests.utils.test_aws_utils" name="test_upload_data_to_s3_no_credentials_error" time="0.001" /><testcase classname="tests.utils.test_aws_utils" name="test_upload_data_to_s3_partial_credentials_error" time="0.001" /><testcase classname="tests.utils.test_aws_utils" name="test_upload_data_to_s3_general_exception" time="0.000" /><testcase classname="tests.utils.test_aws_utils" name="test_update_db_record_success" time="0.001" /><testcase classname="tests.utils.test_aws_utils" name="test_update_db_record_no_columns" time="0.000" /><testcase classname="tests.utils.test_aws_utils" name="test_update_db_record_null_identifier" time="0.000" /><testcase classname="tests.utils.test_aws_utils" name="test_update_db_record_db_exception" time="0.000" /><testcase classname="tests.utils.test_aws_utils" name="test_update_db_record_invalid_names" time="0.000" /><testcase classname="tests.utils.test_aws_utils" name="test_get_s3_client_success" time="0.000" /><testcase classname="tests.utils.test_aws_utils" name="test_get_s3_client_failure" time="0.000" /><testcase classname="tests.utils.test_aws_utils" name="test_ensure_s3_folder_exists" time="0.045" /><testcase classname="tests.utils.test_aws_utils" name="test_ensure_s3_folder_exists_no_trailing_slash" time="0.044" /><testcase classname="tests.utils.test_aws_utils" name="test_ensure_s3_folder_exists_client_error" time="0.045" /><testcase classname="tests.utils.test_aws_utils" name="test_ensure_s3_folder_exists_general_exception" time="0.001" /><testcase classname="tests.utils.test_aws_utils" name="test_s3_dest_folder_trailing_slash" time="0.002" /></testsuite></testsuites>